Arguments: 
  C:\Program Files\nodejs\node.exe C:\Program Files (x86)\Yarn\bin\yarn.js build

PATH: 
  c:\program files\graphicsmagick-1.3.31-q16;C:\Program Files (x86)\Common Files\Oracle\Java\javapath;C:\Program Files\ImageMagick-7.0.8-Q16;c:\Program Files\MKS XServer\system\;c:\Program Files\MKS XServer\;c:\Program Files (x86)\Common Files\MKS X Server\;c:\PROGRA~1\NuTCRoot\bin64;c:\PROGRA~1\NuTCRoot\bin;c:\PROGRA~1\NuTCRoot\bin\X11;c:\PROGRA~1\NuTCRoot\mksnt;C:\Perl\site\bin;C:\Perl\bin;C:\ProgramData\Oracle\Java\javapath;C:\WINDOWS\system32;C:\WINDOWS;C:\WINDOWS\System32\Wbem;C:\WINDOWS\System32\WindowsPowerShell\v1.0\;C:\Program Files (x86)\Enterprise Vault\EVClient\;C:\Program Files (x86)\WebEx\Productivity Tools;\\10.159.25.222\xpp\xz\bin;C:\Program Files\1E\NomadBranch\;C:\Program Files (x86)\WebEx\PTools020000000;C:\Program Files\nodejs\;C:\Program Files (x86)\Webex\Webex\Applications;C:\Program Files (x86)\Sennheiser\SoftphoneSDK\;C:\Program Files (x86)\Yarn\bin\;C:\Users\padillab\AppData\Local\Microsoft\WindowsApps;C:\Users\padillab\AppData\Roaming\npm;C:\Users\padillab\AppData\Local\Programs\Microsoft VS Code\bin;C:\Users\padillab\AppData\Local\Programs\Git\cmd;C:\Users\padillab\AppData\Local\Yarn\bin

Yarn version: 
  1.16.0

Node version: 
  10.12.0

Platform: 
  win32 x64

Trace: 
  SyntaxError: C:\Users\padillab\Documents\Development\print-pdf\package.json: Unexpected token < in JSON at position 24
      at JSON.parse (<anonymous>)
      at C:\Program Files (x86)\Yarn\lib\cli.js:1625:59
      at Generator.next (<anonymous>)
      at step (C:\Program Files (x86)\Yarn\lib\cli.js:304:30)
      at C:\Program Files (x86)\Yarn\lib\cli.js:315:13

npm manifest: 
  {
  	"name": "print-pdf",
  <<<<<<< HEAD
  	"version": "1.0.0",
  	"description": "Creates batch file PDFs from SDL XPP",
  	"author": "Brandon Padilla",
  	"homepage": "https://github.com/astrobinary/print-pdf",
  	"repository": {
  		"type": "git",
  		"url": "https://github.com/astrobinary/print-pdf.git"
  =======
  	"version": "0.0.1",
  	"description": "Creates batch file PDFs from SDL XPP",
  	"author": "Brandon Padilla",
  	"homepage": "https://github.com/agnostics/print-pdf",
  	"repository": {
  		"type": "git",
  		"url": "https://github.com/agnostics/print-pdf.git"
  >>>>>>> f8a2ef2d2b5c58ce2913264bb0afadd9af338424
  	},
  	"license": "MIT",
  	"main": "main.js",
  	"scripts": {
  		"prod": "webpack --config webpack.build.config.js && electron --noDevServer .",
  		"dev": "webpack-dev-server --hot --host 0.0.0.0 --config=./webpack.dev.config.js --mode=development ",
  		"build": "webpack --config webpack.build.config.js",
  		"package": "webpack --config webpack.build.config.js --mode=production",
  		"postpackage": "electron-builder"
  	},
  	"build": {
  		"appId": "com.brandon.app",
  		"productName": "print-pdf",
  		"win": {
  			"target": "portable"
  		},
  		"portable": {
  			"requestExecutionLevel": "user"
  		},
  		"directories": {
  			"output": "builds"
  		},
  		"files": [
  			"package.json",
  			"main.js",
  <<<<<<< HEAD
  			"dist/**/*",
  			"dist/font/*",
  			"dist/img/*"
  =======
  			"dist/**/*"
  >>>>>>> f8a2ef2d2b5c58ce2913264bb0afadd9af338424
  		]
  	},
  	"devDependencies": {
  		"babel-core": "^6.26.3",
  		"babel-loader": "^7.1.5",
  		"babel-preset-react": "^6.24.1",
  		"babili-webpack-plugin": "^0.1.2",
  		"css-loader": "^0.28.11",
  		"electron": "^2.0.5",
  		"electron-builder": "^20.22.0",
  		"electron-packager": "^12.1.0",
  		"extract-text-webpack-plugin": "^4.0.0-beta.0",
  		"file-loader": "^1.1.11",
  		"html-webpack-plugin": "^3.2.0",
  		"lru-cache": "^4.1.3",
  		"node-sass": "^4.9.2",
  		"react": "^16.4.1",
  		"react-dom": "^16.4.1",
  		"sass-loader": "^7.0.3",
  		"smalltalk": "^3.1.1",
  		"style-loader": "^0.21.0",
  		"url-loader": "^1.0.1",
  		"webpack": "^4.16.1",
  		"webpack-cli": "^2.1.5",
  		"webpack-dev-server": "^3.1.4"
  	},
  	"dependencies": {}
  }

yarn manifest: 
  No manifest

Lockfile: 
  No lockfile
